<?xml version="1.0" encoding="UTF-8"?>
<!-- Generated by org.testng.reporters.JUnitReportReporter -->
<testsuite hostname="jesse-PC" name="ws.rocket.path.test.TreeNodeTest" tests="3" failures="0" timestamp="3 Aug 2013 20:37:49 GMT" time="0.013" errors="0">
  <testcase name="testEmpty" time="0.000" classname="ws.rocket.path.test.TreeNodeTest"/>
  <testcase name="testKeyValue" time="0.002" classname="ws.rocket.path.test.TreeNodeTest"/>
  <testcase name="testChildren" time="0.011" classname="ws.rocket.path.test.TreeNodeTest"/>
</testsuite> <!-- ws.rocket.path.test.TreeNodeTest -->
