<?xml version="1.0" encoding="UTF-8"?>
<!-- Generated by org.testng.reporters.JUnitReportReporter -->
<testsuite hostname="jesse-PC" name="ws.rocket.path.test.TreePathTest" tests="207" failures="0" timestamp="12 Oct 2013 06:59:46 GMT" time="0.301" errors="0">
  <testcase name="testPreviousFollowingPaths" time="0.000" classname="ws.rocket.path.test.TreePathTest"/>
  <testcase name="testPreviousFollowingPaths" time="0.000" classname="ws.rocket.path.test.TreePathTest"/>
  <testcase name="testPreviousFollowingPaths" time="0.001" classname="ws.rocket.path.test.TreePathTest"/>
  <testcase name="testSegmentation" time="0.000" classname="ws.rocket.path.test.TreePathTest"/>
  <testcase name="testPreviousFollowingPaths" time="0.001" classname="ws.rocket.path.test.TreePathTest"/>
  <testcase name="testAppendingPaths" time="0.001" classname="ws.rocket.path.test.TreePathTest"/>
  <testcase name="testIllegalNextFailure" time="0.007" classname="ws.rocket.path.test.TreePathTest"/>
  <testcase name="testIllegalNextFailure" time="0.001" classname="ws.rocket.path.test.TreePathTest"/>
  <testcase name="testIllegalNextFailure" time="0.005" classname="ws.rocket.path.test.TreePathTest"/>
  <testcase name="testIllegalPreviousFailure" time="0.005" classname="ws.rocket.path.test.TreePathTest"/>
  <testcase name="testPreviousFollowingPaths" time="0.000" classname="ws.rocket.path.test.TreePathTest"/>
  <testcase name="testPreviousFollowingPaths" time="0.001" classname="ws.rocket.path.test.TreePathTest"/>
  <testcase name="testSegmentation" time="0.001" classname="ws.rocket.path.test.TreePathTest"/>
  <testcase name="testIllegalNextFailure" time="0.002" classname="ws.rocket.path.test.TreePathTest"/>
  <testcase name="testSegmentation" time="0.001" classname="ws.rocket.path.test.TreePathTest"/>
  <testcase name="testNavigation" time="0.008" classname="ws.rocket.path.test.TreePathTest"/>
  <testcase name="testPreviousFollowingPaths" time="0.000" classname="ws.rocket.path.test.TreePathTest"/>
  <testcase name="testSegmentation" time="0.000" classname="ws.rocket.path.test.TreePathTest"/>
  <testcase name="testIllegalPreviousFailure" time="0.001" classname="ws.rocket.path.test.TreePathTest"/>
  <testcase name="testPreviousFollowingPaths" time="0.004" classname="ws.rocket.path.test.TreePathTest"/>
  <testcase name="testAppendingPaths" time="0.001" classname="ws.rocket.path.test.TreePathTest"/>
  <testcase name="testIllegalNextFailure" time="0.001" classname="ws.rocket.path.test.TreePathTest"/>
  <testcase name="testIllegalPreviousFailure" time="0.001" classname="ws.rocket.path.test.TreePathTest"/>
  <testcase name="testIllegalNextFailure" time="0.000" classname="ws.rocket.path.test.TreePathTest"/>
  <testcase name="testNavigation" time="0.000" classname="ws.rocket.path.test.TreePathTest"/>
  <testcase name="testIllegalNextFailure" time="0.001" classname="ws.rocket.path.test.TreePathTest"/>
  <testcase name="testIllegalNextFailure" time="0.004" classname="ws.rocket.path.test.TreePathTest"/>
  <testcase name="testSegmentation" time="0.000" classname="ws.rocket.path.test.TreePathTest"/>
  <testcase name="testNavigation" time="0.000" classname="ws.rocket.path.test.TreePathTest"/>
  <testcase name="testPreviousFollowingPaths" time="0.001" classname="ws.rocket.path.test.TreePathTest"/>
  <testcase name="testPreviousFollowingPaths" time="0.007" classname="ws.rocket.path.test.TreePathTest"/>
  <testcase name="testIllegalNextFailure" time="0.003" classname="ws.rocket.path.test.TreePathTest"/>
  <testcase name="testAppendingPaths" time="0.000" classname="ws.rocket.path.test.TreePathTest"/>
  <testcase name="testIllegalPreviousFailure" time="0.003" classname="ws.rocket.path.test.TreePathTest"/>
  <testcase name="testIllegalNextFailure" time="0.006" classname="ws.rocket.path.test.TreePathTest"/>
  <testcase name="testIllegalPreviousFailure" time="0.000" classname="ws.rocket.path.test.TreePathTest"/>
  <testcase name="testIllegalNextFailure" time="0.001" classname="ws.rocket.path.test.TreePathTest"/>
  <testcase name="testSegmentation" time="0.001" classname="ws.rocket.path.test.TreePathTest"/>
  <testcase name="testSegmentation" time="0.000" classname="ws.rocket.path.test.TreePathTest"/>
  <testcase name="testPreviousFollowingPaths" time="0.001" classname="ws.rocket.path.test.TreePathTest"/>
  <testcase name="testNavigation" time="0.000" classname="ws.rocket.path.test.TreePathTest"/>
  <testcase name="testIllegalPreviousFailure" time="0.001" classname="ws.rocket.path.test.TreePathTest"/>
  <testcase name="testAppendingPathWithOtherSeparator" time="0.001" classname="ws.rocket.path.test.TreePathTest"/>
  <testcase name="testPreviousFollowingPaths" time="0.001" classname="ws.rocket.path.test.TreePathTest"/>
  <testcase name="testIllegalNextFailure" time="0.000" classname="ws.rocket.path.test.TreePathTest"/>
  <testcase name="testNavigation" time="0.001" classname="ws.rocket.path.test.TreePathTest"/>
  <testcase name="testNavigation" time="0.001" classname="ws.rocket.path.test.TreePathTest"/>
  <testcase name="testNavigation" time="0.003" classname="ws.rocket.path.test.TreePathTest"/>
  <testcase name="testNavigation" time="0.001" classname="ws.rocket.path.test.TreePathTest"/>
  <testcase name="testSegmentation" time="0.000" classname="ws.rocket.path.test.TreePathTest"/>
  <testcase name="testPreviousFollowingPaths" time="0.000" classname="ws.rocket.path.test.TreePathTest"/>
  <testcase name="testPreviousFollowingPaths" time="0.000" classname="ws.rocket.path.test.TreePathTest"/>
  <testcase name="testSegmentation" time="0.001" classname="ws.rocket.path.test.TreePathTest"/>
  <testcase name="testIllegalNextFailure" time="0.001" classname="ws.rocket.path.test.TreePathTest"/>
  <testcase name="testNavigation" time="0.001" classname="ws.rocket.path.test.TreePathTest"/>
  <testcase name="testNavigation" time="0.001" classname="ws.rocket.path.test.TreePathTest"/>
  <testcase name="testSegmentation" time="0.004" classname="ws.rocket.path.test.TreePathTest"/>
  <testcase name="testPreviousFollowingPaths" time="0.001" classname="ws.rocket.path.test.TreePathTest"/>
  <testcase name="testSegmentation" time="0.001" classname="ws.rocket.path.test.TreePathTest"/>
  <testcase name="testNavigation" time="0.001" classname="ws.rocket.path.test.TreePathTest"/>
  <testcase name="testNavigation" time="0.001" classname="ws.rocket.path.test.TreePathTest"/>
  <testcase name="testNavigation" time="0.006" classname="ws.rocket.path.test.TreePathTest"/>
  <testcase name="testIllegalNextFailure" time="0.000" classname="ws.rocket.path.test.TreePathTest"/>
  <testcase name="testNavigation" time="0.001" classname="ws.rocket.path.test.TreePathTest"/>
  <testcase name="testIllegalNextFailure" time="0.000" classname="ws.rocket.path.test.TreePathTest"/>
  <testcase name="testIllegalNextFailure" time="0.001" classname="ws.rocket.path.test.TreePathTest"/>
  <testcase name="testIllegalPreviousFailure" time="0.001" classname="ws.rocket.path.test.TreePathTest"/>
  <testcase name="testIllegalPreviousFailure" time="0.000" classname="ws.rocket.path.test.TreePathTest"/>
  <testcase name="testSegmentation" time="0.001" classname="ws.rocket.path.test.TreePathTest"/>
  <testcase name="testIllegalNextFailure" time="0.000" classname="ws.rocket.path.test.TreePathTest"/>
  <testcase name="testIllegalPreviousFailure" time="0.005" classname="ws.rocket.path.test.TreePathTest"/>
  <testcase name="testIllegalPreviousFailure" time="0.003" classname="ws.rocket.path.test.TreePathTest"/>
  <testcase name="testIllegalPreviousFailure" time="0.000" classname="ws.rocket.path.test.TreePathTest"/>
  <testcase name="testIllegalNextFailure" time="0.003" classname="ws.rocket.path.test.TreePathTest"/>
  <testcase name="testIllegalNextFailure" time="0.003" classname="ws.rocket.path.test.TreePathTest"/>
  <testcase name="testSegmentation" time="0.005" classname="ws.rocket.path.test.TreePathTest"/>
  <testcase name="testSegmentation" time="0.000" classname="ws.rocket.path.test.TreePathTest"/>
  <testcase name="testIllegalNextFailure" time="0.000" classname="ws.rocket.path.test.TreePathTest"/>
  <testcase name="testIllegalPreviousFailure" time="0.003" classname="ws.rocket.path.test.TreePathTest"/>
  <testcase name="testPreviousFollowingPaths" time="0.001" classname="ws.rocket.path.test.TreePathTest"/>
  <testcase name="testIllegalNextFailure" time="0.001" classname="ws.rocket.path.test.TreePathTest"/>
  <testcase name="testSegmentation" time="0.006" classname="ws.rocket.path.test.TreePathTest"/>
  <testcase name="testIllegalNextFailure" time="0.000" classname="ws.rocket.path.test.TreePathTest"/>
  <testcase name="testSegmentation" time="0.001" classname="ws.rocket.path.test.TreePathTest"/>
  <testcase name="testSegmentation" time="0.000" classname="ws.rocket.path.test.TreePathTest"/>
  <testcase name="testIllegalPreviousFailure" time="0.001" classname="ws.rocket.path.test.TreePathTest"/>
  <testcase name="testSegmentation" time="0.006" classname="ws.rocket.path.test.TreePathTest"/>
  <testcase name="testIllegalPreviousFailure" time="0.001" classname="ws.rocket.path.test.TreePathTest"/>
  <testcase name="testIllegalPreviousFailure" time="0.001" classname="ws.rocket.path.test.TreePathTest"/>
  <testcase name="testIllegalPreviousFailure" time="0.002" classname="ws.rocket.path.test.TreePathTest"/>
  <testcase name="testNavigation" time="0.000" classname="ws.rocket.path.test.TreePathTest"/>
  <testcase name="testIllegalPreviousFailure" time="0.001" classname="ws.rocket.path.test.TreePathTest"/>
  <testcase name="testSegmentation" time="0.001" classname="ws.rocket.path.test.TreePathTest"/>
  <testcase name="testPreviousFollowingPaths" time="0.001" classname="ws.rocket.path.test.TreePathTest"/>
  <testcase name="testIllegalPreviousFailure" time="0.001" classname="ws.rocket.path.test.TreePathTest"/>
  <testcase name="testNavigation" time="0.001" classname="ws.rocket.path.test.TreePathTest"/>
  <testcase name="testIllegalPreviousFailure" time="0.000" classname="ws.rocket.path.test.TreePathTest"/>
  <testcase name="testPreviousFollowingPaths" time="0.004" classname="ws.rocket.path.test.TreePathTest"/>
  <testcase name="testIllegalPreviousFailure" time="0.002" classname="ws.rocket.path.test.TreePathTest"/>
  <testcase name="testSegmentation" time="0.000" classname="ws.rocket.path.test.TreePathTest"/>
  <testcase name="testPreviousFollowingPaths" time="0.001" classname="ws.rocket.path.test.TreePathTest"/>
  <testcase name="testSegmentation" time="0.001" classname="ws.rocket.path.test.TreePathTest"/>
  <testcase name="testIllegalNextFailure" time="0.003" classname="ws.rocket.path.test.TreePathTest"/>
  <testcase name="testPreviousFollowingPaths" time="0.000" classname="ws.rocket.path.test.TreePathTest"/>
  <testcase name="testSegmentation" time="0.001" classname="ws.rocket.path.test.TreePathTest"/>
  <testcase name="testNavigation" time="0.000" classname="ws.rocket.path.test.TreePathTest"/>
  <testcase name="testIllegalNextFailure" time="0.001" classname="ws.rocket.path.test.TreePathTest"/>
  <testcase name="testNavigation" time="0.001" classname="ws.rocket.path.test.TreePathTest"/>
  <testcase name="testIllegalPreviousFailure" time="0.001" classname="ws.rocket.path.test.TreePathTest"/>
  <testcase name="testIllegalPreviousFailure" time="0.002" classname="ws.rocket.path.test.TreePathTest"/>
  <testcase name="testSegmentation" time="0.000" classname="ws.rocket.path.test.TreePathTest"/>
  <testcase name="testNavigation" time="0.001" classname="ws.rocket.path.test.TreePathTest"/>
  <testcase name="testNavigation" time="0.001" classname="ws.rocket.path.test.TreePathTest"/>
  <testcase name="testIllegalNextFailure" time="0.001" classname="ws.rocket.path.test.TreePathTest"/>
  <testcase name="testPreviousFollowingPaths" time="0.000" classname="ws.rocket.path.test.TreePathTest"/>
  <testcase name="testNavigation" time="0.000" classname="ws.rocket.path.test.TreePathTest"/>
  <testcase name="testPreviousFollowingPaths" time="0.000" classname="ws.rocket.path.test.TreePathTest"/>
  <testcase name="testNavigation" time="0.001" classname="ws.rocket.path.test.TreePathTest"/>
  <testcase name="testSegmentation" time="0.000" classname="ws.rocket.path.test.TreePathTest"/>
  <testcase name="testIllegalPreviousFailure" time="0.010" classname="ws.rocket.path.test.TreePathTest"/>
  <testcase name="testSegmentation" time="0.001" classname="ws.rocket.path.test.TreePathTest"/>
  <testcase name="testNavigation" time="0.001" classname="ws.rocket.path.test.TreePathTest"/>
  <testcase name="testNavigation" time="0.001" classname="ws.rocket.path.test.TreePathTest"/>
  <testcase name="testSegmentation" time="0.001" classname="ws.rocket.path.test.TreePathTest"/>
  <testcase name="testIllegalNextFailure" time="0.000" classname="ws.rocket.path.test.TreePathTest"/>
  <testcase name="testPreviousFollowingPaths" time="0.000" classname="ws.rocket.path.test.TreePathTest"/>
  <testcase name="testIllegalNextFailure" time="0.001" classname="ws.rocket.path.test.TreePathTest"/>
  <testcase name="testIllegalNextFailure" time="0.001" classname="ws.rocket.path.test.TreePathTest"/>
  <testcase name="testIllegalNextFailure" time="0.000" classname="ws.rocket.path.test.TreePathTest"/>
  <testcase name="testIllegalNextFailure" time="0.004" classname="ws.rocket.path.test.TreePathTest"/>
  <testcase name="testNavigation" time="0.001" classname="ws.rocket.path.test.TreePathTest"/>
  <testcase name="testNavigation" time="0.001" classname="ws.rocket.path.test.TreePathTest"/>
  <testcase name="testNavigation" time="0.001" classname="ws.rocket.path.test.TreePathTest"/>
  <testcase name="testNavigation" time="0.001" classname="ws.rocket.path.test.TreePathTest"/>
  <testcase name="testIllegalNextFailure" time="0.001" classname="ws.rocket.path.test.TreePathTest"/>
  <testcase name="testIllegalPreviousFailure" time="0.003" classname="ws.rocket.path.test.TreePathTest"/>
  <testcase name="testPreviousFollowingPaths" time="0.006" classname="ws.rocket.path.test.TreePathTest"/>
  <testcase name="testSegmentation" time="0.000" classname="ws.rocket.path.test.TreePathTest"/>
  <testcase name="testPreviousFollowingPaths" time="0.001" classname="ws.rocket.path.test.TreePathTest"/>
  <testcase name="testSegmentation" time="0.001" classname="ws.rocket.path.test.TreePathTest"/>
  <testcase name="testIllegalNextFailure" time="0.002" classname="ws.rocket.path.test.TreePathTest"/>
  <testcase name="testIllegalPreviousFailure" time="0.002" classname="ws.rocket.path.test.TreePathTest"/>
  <testcase name="testNavigation" time="0.007" classname="ws.rocket.path.test.TreePathTest"/>
  <testcase name="testIllegalPreviousFailure" time="0.000" classname="ws.rocket.path.test.TreePathTest"/>
  <testcase name="testIllegalPreviousFailure" time="0.002" classname="ws.rocket.path.test.TreePathTest"/>
  <testcase name="testIllegalNextFailure" time="0.001" classname="ws.rocket.path.test.TreePathTest"/>
  <testcase name="testIllegalPreviousFailure" time="0.001" classname="ws.rocket.path.test.TreePathTest"/>
  <testcase name="testIllegalPreviousFailure" time="0.000" classname="ws.rocket.path.test.TreePathTest"/>
  <testcase name="testSegmentation" time="0.000" classname="ws.rocket.path.test.TreePathTest"/>
  <testcase name="testSegmentation" time="0.005" classname="ws.rocket.path.test.TreePathTest"/>
  <testcase name="testPreviousFollowingPaths" time="0.001" classname="ws.rocket.path.test.TreePathTest"/>
  <testcase name="testPreviousFollowingPaths" time="0.000" classname="ws.rocket.path.test.TreePathTest"/>
  <testcase name="testIllegalPreviousFailure" time="0.001" classname="ws.rocket.path.test.TreePathTest"/>
  <testcase name="testIllegalPreviousFailure" time="0.001" classname="ws.rocket.path.test.TreePathTest"/>
  <testcase name="testIllegalPreviousFailure" time="0.001" classname="ws.rocket.path.test.TreePathTest"/>
  <testcase name="testNavigation" time="0.001" classname="ws.rocket.path.test.TreePathTest"/>
  <testcase name="testNavigation" time="0.001" classname="ws.rocket.path.test.TreePathTest"/>
  <testcase name="testPreviousFollowingPaths" time="0.001" classname="ws.rocket.path.test.TreePathTest"/>
  <testcase name="testPreviousFollowingPaths" time="0.000" classname="ws.rocket.path.test.TreePathTest"/>
  <testcase name="testNavigation" time="0.001" classname="ws.rocket.path.test.TreePathTest"/>
  <testcase name="testIllegalPreviousFailure" time="0.003" classname="ws.rocket.path.test.TreePathTest"/>
  <testcase name="testNavigation" time="0.001" classname="ws.rocket.path.test.TreePathTest"/>
  <testcase name="testNavigation" time="0.000" classname="ws.rocket.path.test.TreePathTest"/>
  <testcase name="testPreviousFollowingPaths" time="0.001" classname="ws.rocket.path.test.TreePathTest"/>
  <testcase name="testIllegalNextFailure" time="0.001" classname="ws.rocket.path.test.TreePathTest"/>
  <testcase name="testSegmentation" time="0.001" classname="ws.rocket.path.test.TreePathTest"/>
  <testcase name="testIllegalNextFailure" time="0.000" classname="ws.rocket.path.test.TreePathTest"/>
  <testcase name="testPreviousFollowingPaths" time="0.000" classname="ws.rocket.path.test.TreePathTest"/>
  <testcase name="testIllegalPreviousFailure" time="0.004" classname="ws.rocket.path.test.TreePathTest"/>
  <testcase name="testIllegalNextFailure" time="0.001" classname="ws.rocket.path.test.TreePathTest"/>
  <testcase name="testSegmentation" time="0.001" classname="ws.rocket.path.test.TreePathTest"/>
  <testcase name="testSegmentation" time="0.001" classname="ws.rocket.path.test.TreePathTest"/>
  <testcase name="testSegmentation" time="0.004" classname="ws.rocket.path.test.TreePathTest"/>
  <testcase name="testAppendingPaths" time="0.002" classname="ws.rocket.path.test.TreePathTest"/>
  <testcase name="testIllegalPreviousFailure" time="0.000" classname="ws.rocket.path.test.TreePathTest"/>
  <testcase name="testPreviousFollowingPaths" time="0.004" classname="ws.rocket.path.test.TreePathTest"/>
  <testcase name="testSegmentation" time="0.000" classname="ws.rocket.path.test.TreePathTest"/>
  <testcase name="testNavigation" time="0.001" classname="ws.rocket.path.test.TreePathTest"/>
  <testcase name="testPreviousFollowingPaths" time="0.001" classname="ws.rocket.path.test.TreePathTest"/>
  <testcase name="testIllegalPreviousFailure" time="0.005" classname="ws.rocket.path.test.TreePathTest"/>
  <testcase name="testPreviousFollowingPaths" time="0.001" classname="ws.rocket.path.test.TreePathTest"/>
  <testcase name="testNavigation" time="0.002" classname="ws.rocket.path.test.TreePathTest"/>
  <testcase name="testIllegalNextFailure" time="0.004" classname="ws.rocket.path.test.TreePathTest"/>
  <testcase name="testPreviousFollowingPaths" time="0.000" classname="ws.rocket.path.test.TreePathTest"/>
  <testcase name="testSegmentation" time="0.000" classname="ws.rocket.path.test.TreePathTest"/>
  <testcase name="testNavigation" time="0.000" classname="ws.rocket.path.test.TreePathTest"/>
  <testcase name="testSegmentation" time="0.003" classname="ws.rocket.path.test.TreePathTest"/>
  <testcase name="testIllegalPreviousFailure" time="0.001" classname="ws.rocket.path.test.TreePathTest"/>
  <testcase name="testPreviousFollowingPaths" time="0.001" classname="ws.rocket.path.test.TreePathTest"/>
  <testcase name="testIllegalNextFailure" time="0.002" classname="ws.rocket.path.test.TreePathTest"/>
  <testcase name="testRemoveFailure" time="0.001" classname="ws.rocket.path.test.TreePathTest"/>
  <testcase name="testNavigation" time="0.002" classname="ws.rocket.path.test.TreePathTest"/>
  <testcase name="testNavigation" time="0.001" classname="ws.rocket.path.test.TreePathTest"/>
  <testcase name="testNavigation" time="0.001" classname="ws.rocket.path.test.TreePathTest"/>
  <testcase name="testPreviousFollowingPaths" time="0.000" classname="ws.rocket.path.test.TreePathTest"/>
  <testcase name="testIllegalPreviousFailure" time="0.000" classname="ws.rocket.path.test.TreePathTest"/>
  <testcase name="testIllegalNextFailure" time="0.001" classname="ws.rocket.path.test.TreePathTest"/>
  <testcase name="testSegmentation" time="0.001" classname="ws.rocket.path.test.TreePathTest"/>
  <testcase name="testPreviousFollowingPaths" time="0.000" classname="ws.rocket.path.test.TreePathTest"/>
  <testcase name="testPreviousFollowingPaths" time="0.000" classname="ws.rocket.path.test.TreePathTest"/>
  <testcase name="testIllegalPreviousFailure" time="0.001" classname="ws.rocket.path.test.TreePathTest"/>
  <testcase name="testAppendingNullPath" time="0.010" classname="ws.rocket.path.test.TreePathTest"/>
  <testcase name="testSegmentation" time="0.000" classname="ws.rocket.path.test.TreePathTest"/>
  <testcase name="testIllegalNextFailure" time="0.004" classname="ws.rocket.path.test.TreePathTest"/>
  <testcase name="testIllegalPreviousFailure" time="0.001" classname="ws.rocket.path.test.TreePathTest"/>
  <testcase name="testPreviousFollowingPaths" time="0.000" classname="ws.rocket.path.test.TreePathTest"/>
  <testcase name="testSegmentation" time="0.000" classname="ws.rocket.path.test.TreePathTest"/>
</testsuite> <!-- ws.rocket.path.test.TreePathTest -->
